2025-05-28 08:30:26 [background-preinit] INFO  o.h.validator.internal.util.Version - HV000001: Hibernate Validator 8.0.2.Final
2025-05-28 08:30:26 [restartedMain] INFO  c.b.l.LoiteMsBackApplication - Starting LoiteMsBackApplication using Java 17.0.12 with PID 32856 (C:\loite_workspace\loite_ms_back\build\classes\java\main started by user in C:\loite_workspace\loite_ms_back)
2025-05-28 08:30:26 [restartedMain] INFO  c.b.l.LoiteMsBackApplication - No active profile set, falling back to 1 default profile: "default"
2025-05-28 08:30:26 [restartedMain] INFO  o.s.b.d.e.DevToolsPropertyDefaultsPostProcessor - Devtools property defaults active! Set 'spring.devtools.add-properties' to 'false' to disable
2025-05-28 08:30:26 [restartedMain] INFO  o.s.b.d.e.DevToolsPropertyDefaultsPostProcessor - For additional web related logging consider setting the 'logging.level.web' property to 'DEBUG'
2025-05-28 08:30:27 [restartedMain] INFO  o.s.d.r.c.RepositoryConfigurationDelegate - Bootstrapping Spring Data JPA repositories in DEFAULT mode.
2025-05-28 08:30:27 [restartedMain] INFO  o.s.d.r.c.RepositoryConfigurationDelegate - Finished Spring Data repository scanning in 55 ms. Found 1 JPA repository interface.
2025-05-28 08:30:28 [restartedMain] INFO  o.s.b.w.e.tomcat.TomcatWebServer - Tomcat initialized with port 8080 (http)
2025-05-28 08:30:28 [restartedMain] INFO  o.a.coyote.http11.Http11NioProtocol - Initializing ProtocolHandler ["http-nio-8080"]
2025-05-28 08:30:28 [restartedMain] INFO  o.a.catalina.core.StandardService - Starting service [Tomcat]
2025-05-28 08:30:28 [restartedMain] INFO  o.a.catalina.core.StandardEngine - Starting Servlet engine: [Apache Tomcat/10.1.41]
2025-05-28 08:30:28 [restartedMain] INFO  o.a.c.c.C.[Tomcat].[localhost].[/] - Initializing Spring embedded WebApplicationContext
2025-05-28 08:30:28 [restartedMain] INFO  o.s.b.w.s.c.ServletWebServerApplicationContext - Root WebApplicationContext: initialization completed in 1740 ms
2025-05-28 08:30:28 [restartedMain] INFO  o.h.jpa.internal.util.LogHelper - HHH000204: Processing PersistenceUnitInfo [name: default]
2025-05-28 08:30:28 [restartedMain] INFO  org.hibernate.Version - HHH000412: Hibernate ORM core version 6.6.15.Final
2025-05-28 08:30:28 [restartedMain] INFO  o.h.c.i.RegionFactoryInitiator - HHH000026: Second-level cache disabled
2025-05-28 08:30:29 [restartedMain] INFO  o.s.o.j.p.SpringPersistenceUnitInfo - No LoadTimeWeaver setup: ignoring JPA class transformer
2025-05-28 08:30:29 [restartedMain] WARN  org.hibernate.orm.deprecation - HHH90000021: Encountered deprecated setting [hibernate.temp.use_jdbc_metadata_defaults], use [hibernate.boot.allow_jdbc_metadata_access] instead
2025-05-28 08:30:29 [restartedMain] INFO  com.zaxxer.hikari.HikariDataSource - HikariPool-1 - Starting...
2025-05-28 08:30:29 [restartedMain] INFO  com.zaxxer.hikari.pool.HikariPool - HikariPool-1 - Added connection com.mysql.cj.jdbc.ConnectionImpl@6a457719
2025-05-28 08:30:29 [restartedMain] INFO  com.zaxxer.hikari.HikariDataSource - HikariPool-1 - Start completed.
2025-05-28 08:30:29 [restartedMain] WARN  org.hibernate.dialect.Dialect - HHH000511: The 5.5.5 version for [org.hibernate.dialect.MySQLDialect] is no longer supported, hence certain features may not work properly. The minimum supported version is 8.0.0. Check the community dialects project for available legacy versions.
2025-05-28 08:30:29 [restartedMain] WARN  org.hibernate.orm.deprecation - HHH90000025: MySQLDialect does not need to be specified explicitly using 'hibernate.dialect' (remove the property setting and it will be selected by default)
2025-05-28 08:30:29 [restartedMain] INFO  o.hibernate.orm.connections.pooling - HHH10001005: Database info:
	Database JDBC URL [Connecting through datasource 'HikariDataSource (HikariPool-1)']
	Database driver: undefined/unknown
	Database version: 5.5.5
	Autocommit mode: undefined/unknown
	Isolation level: undefined/unknown
	Minimum pool size: undefined/unknown
	Maximum pool size: undefined/unknown
2025-05-28 08:30:30 [restartedMain] INFO  o.h.e.t.j.p.i.JtaPlatformInitiator - HHH000489: No JTA platform available (set 'hibernate.transaction.jta.platform' to enable JTA platform integration)
2025-05-28 08:30:30 [restartedMain] DEBUG org.hibernate.SQL - 
    alter table tb_product 
       modify column active_yn varchar(255)
2025-05-28 08:30:30 [restartedMain] DEBUG org.hibernate.SQL - 
    alter table tb_product 
       modify column delete_yn varchar(255)
2025-05-28 08:30:30 [restartedMain] DEBUG org.hibernate.SQL - 
    alter table tb_product 
       modify column product_delivery_charge decimal(38,2)
2025-05-28 08:30:30 [restartedMain] DEBUG org.hibernate.SQL - 
    alter table tb_product 
       modify column product_description varchar(255)
2025-05-28 08:30:30 [restartedMain] DEBUG org.hibernate.SQL - 
    alter table tb_product 
       modify column product_free_delivery decimal(38,2)
2025-05-28 08:30:30 [restartedMain] DEBUG org.hibernate.SQL - 
    alter table tb_product 
       modify column product_model_name varchar(255)
2025-05-28 08:30:30 [restartedMain] DEBUG org.hibernate.SQL - 
    alter table tb_product 
       modify column product_price integer
2025-05-28 08:30:30 [restartedMain] DEBUG org.hibernate.SQL - 
    alter table tb_product 
       modify column product_summary varchar(255)
2025-05-28 08:30:30 [restartedMain] DEBUG org.hibernate.SQL - 
    alter table tb_product 
       modify column product_supply_price integer
2025-05-28 08:30:30 [restartedMain] DEBUG org.hibernate.SQL - 
    alter table tb_product 
       modify column recommended_yn integer
2025-05-28 08:30:30 [restartedMain] DEBUG org.hibernate.SQL - 
    alter table tb_support_faq 
       add column del_yn varchar(255)
2025-05-28 08:30:30 [restartedMain] DEBUG org.hibernate.SQL - 
    alter table tb_support_faq 
       add column faq_content varchar(255) not null
2025-05-28 08:30:30 [restartedMain] DEBUG org.hibernate.SQL - 
    alter table tb_support_faq 
       add column faq_title varchar(255) not null
2025-05-28 08:30:30 [restartedMain] INFO  o.s.o.j.LocalContainerEntityManagerFactoryBean - Initialized JPA EntityManagerFactory for persistence unit 'default'
2025-05-28 08:30:31 [restartedMain] WARN  o.s.b.a.o.j.JpaBaseConfiguration$JpaWebConfiguration - spring.jpa.open-in-view is enabled by default. Therefore, database queries may be performed during view rendering. Explicitly configure spring.jpa.open-in-view to disable this warning
2025-05-28 08:30:31 [restartedMain] WARN  o.s.b.a.s.s.UserDetailsServiceAutoConfiguration - 

Using generated security password: 511edc95-faeb-483a-8267-43299622862d

This generated password is for development use only. Your security configuration must be updated before running your application in production.

2025-05-28 08:30:31 [restartedMain] INFO  o.s.s.c.a.a.c.InitializeUserDetailsBeanManagerConfigurer$InitializeUserDetailsManagerConfigurer - Global AuthenticationManager configured with UserDetailsService bean with name inMemoryUserDetailsManager
2025-05-28 08:30:31 [restartedMain] INFO  o.s.b.d.a.OptionalLiveReloadServer - LiveReload server is running on port 35729
2025-05-28 08:30:31 [restartedMain] INFO  o.a.coyote.http11.Http11NioProtocol - Starting ProtocolHandler ["http-nio-8080"]
2025-05-28 08:30:31 [restartedMain] INFO  o.s.b.w.e.tomcat.TomcatWebServer - Tomcat started on port 8080 (http) with context path '/'
2025-05-28 08:30:31 [restartedMain] INFO  c.b.l.LoiteMsBackApplication - Started LoiteMsBackApplication in 5.728 seconds (process running for 6.221)
2025-05-28 09:59:57 [http-nio-8080-exec-1] INFO  o.a.c.c.C.[Tomcat].[localhost].[/] - Initializing Spring DispatcherServlet 'dispatcherServlet'
2025-05-28 09:59:57 [http-nio-8080-exec-1] INFO  o.s.web.servlet.DispatcherServlet - Initializing Servlet 'dispatcherServlet'
2025-05-28 09:59:57 [http-nio-8080-exec-1] INFO  o.s.web.servlet.DispatcherServlet - Completed initialization in 13 ms
2025-05-28 09:59:58 [http-nio-8080-exec-6] INFO  o.s.api.AbstractOpenApiResource - Init duration for springdoc-openapi is: 372 ms
2025-05-28 15:08:02 [background-preinit] INFO  o.h.validator.internal.util.Version - HV000001: Hibernate Validator 8.0.2.Final
2025-05-28 15:08:02 [Test worker] INFO  c.b.l.LoiteMsBackApplicationTests - Starting LoiteMsBackApplicationTests using Java 17.0.12 with PID 3488 (started by user in C:\loite_workspace\loite_ms_back)
2025-05-28 15:08:02 [Test worker] INFO  c.b.l.LoiteMsBackApplicationTests - No active profile set, falling back to 1 default profile: "default"
2025-05-28 15:08:03 [Test worker] INFO  o.s.d.r.c.RepositoryConfigurationDelegate - Bootstrapping Spring Data JPA repositories in DEFAULT mode.
2025-05-28 15:08:03 [Test worker] INFO  o.s.d.r.c.RepositoryConfigurationDelegate - Finished Spring Data repository scanning in 70 ms. Found 2 JPA repository interfaces.
2025-05-28 15:08:03 [Test worker] INFO  o.h.jpa.internal.util.LogHelper - HHH000204: Processing PersistenceUnitInfo [name: default]
2025-05-28 15:08:03 [Test worker] INFO  org.hibernate.Version - HHH000412: Hibernate ORM core version 6.6.15.Final
2025-05-28 15:08:03 [Test worker] INFO  o.h.c.i.RegionFactoryInitiator - HHH000026: Second-level cache disabled
2025-05-28 15:08:04 [Test worker] INFO  o.s.o.j.p.SpringPersistenceUnitInfo - No LoadTimeWeaver setup: ignoring JPA class transformer
2025-05-28 15:08:04 [Test worker] WARN  org.hibernate.orm.deprecation - HHH90000021: Encountered deprecated setting [hibernate.temp.use_jdbc_metadata_defaults], use [hibernate.boot.allow_jdbc_metadata_access] instead
2025-05-28 15:08:04 [Test worker] INFO  com.zaxxer.hikari.HikariDataSource - HikariPool-1 - Starting...
2025-05-28 15:08:04 [Test worker] INFO  com.zaxxer.hikari.pool.HikariPool - HikariPool-1 - Added connection com.mysql.cj.jdbc.ConnectionImpl@999cd18
2025-05-28 15:08:04 [Test worker] INFO  com.zaxxer.hikari.HikariDataSource - HikariPool-1 - Start completed.
2025-05-28 15:08:04 [Test worker] WARN  org.hibernate.dialect.Dialect - HHH000511: The 5.5.5 version for [org.hibernate.dialect.MySQLDialect] is no longer supported, hence certain features may not work properly. The minimum supported version is 8.0.0. Check the community dialects project for available legacy versions.
2025-05-28 15:08:04 [Test worker] WARN  org.hibernate.orm.deprecation - HHH90000025: MySQLDialect does not need to be specified explicitly using 'hibernate.dialect' (remove the property setting and it will be selected by default)
2025-05-28 15:08:04 [Test worker] INFO  o.hibernate.orm.connections.pooling - HHH10001005: Database info:
	Database JDBC URL [Connecting through datasource 'HikariDataSource (HikariPool-1)']
	Database driver: undefined/unknown
	Database version: 5.5.5
	Autocommit mode: undefined/unknown
	Isolation level: undefined/unknown
	Minimum pool size: undefined/unknown
	Maximum pool size: undefined/unknown
2025-05-28 15:08:05 [Test worker] INFO  o.h.e.t.j.p.i.JtaPlatformInitiator - HHH000489: No JTA platform available (set 'hibernate.transaction.jta.platform' to enable JTA platform integration)
2025-05-28 15:08:05 [Test worker] DEBUG org.hibernate.SQL - 
    alter table tb_brand 
       modify column active_yn varchar(255)
2025-05-28 15:08:05 [Test worker] DEBUG org.hibernate.SQL - 
    alter table tb_brand 
       modify column brand_description varchar(255)
2025-05-28 15:08:05 [Test worker] DEBUG org.hibernate.SQL - 
    alter table tb_brand 
       modify column brand_logo_url varchar(255)
2025-05-28 15:08:05 [Test worker] DEBUG org.hibernate.SQL - 
    alter table tb_brand 
       modify column brand_origin varchar(255)
2025-05-28 15:08:05 [Test worker] DEBUG org.hibernate.SQL - 
    alter table tb_payment 
       modify column payment_method enum ('ACCOUNT','CARD','KAKAO','NAVER','TOSS') not null
2025-05-28 15:08:05 [Test worker] DEBUG org.hibernate.SQL - 
    alter table tb_payment 
       modify column payment_status enum ('CANCELLED','FAILED','PENDING','SUCCESS') not null
2025-05-28 15:08:05 [Test worker] DEBUG org.hibernate.SQL - 
    alter table tb_product 
       modify column product_delivery_charge decimal(38,2)
2025-05-28 15:08:05 [Test worker] DEBUG org.hibernate.SQL - 
    alter table tb_product 
       modify column product_free_delivery decimal(38,2)
2025-05-28 15:08:05 [Test worker] DEBUG org.hibernate.SQL - 
    alter table tb_product 
       modify column product_price decimal(38,2)
2025-05-28 15:08:05 [Test worker] DEBUG org.hibernate.SQL - 
    alter table tb_product 
       modify column product_supply_price decimal(38,2)
2025-05-28 15:08:05 [Test worker] DEBUG org.hibernate.SQL - 
    alter table tb_product_cart_item 
       modify column cart_item_option_text varchar(100) not null
2025-05-28 15:08:05 [Test worker] DEBUG org.hibernate.SQL - 
    alter table tb_product_cart_item 
       modify column cart_item_quantity varchar(20) not null
2025-05-28 15:08:05 [Test worker] DEBUG org.hibernate.SQL - 
    alter table tb_product_category 
       modify column active_yn varchar(255)
2025-05-28 15:08:05 [Test worker] DEBUG org.hibernate.SQL - 
    alter table tb_product_category 
       modify column category_depth integer
2025-05-28 15:08:05 [Test worker] DEBUG org.hibernate.SQL - 
    alter table tb_product_category 
       add column sort_order integer
2025-05-28 15:08:05 [Test worker] DEBUG org.hibernate.SQL - 
    alter table tb_product_discount 
       modify column active_yn varchar(255)
2025-05-28 15:08:05 [Test worker] DEBUG org.hibernate.SQL - 
    alter table tb_product_discount 
       modify column discount_type enum ('FIXED','PERCENT') not null
2025-05-28 15:08:05 [Test worker] DEBUG org.hibernate.SQL - 
    alter table tb_product_discount 
       modify column discount_value decimal(38,2) not null
2025-05-28 15:08:05 [Test worker] DEBUG org.hibernate.SQL - 
    alter table tb_product_discount 
       modify column end_date varchar(255)
2025-05-28 15:08:05 [Test worker] DEBUG org.hibernate.SQL - 
    alter table tb_product_discount 
       modify column start_date varchar(255) not null
2025-05-28 15:08:05 [Test worker] DEBUG org.hibernate.SQL - 
    alter table tb_product_image 
       modify column image_sort_order varchar(255)
2025-05-28 15:08:05 [Test worker] DEBUG org.hibernate.SQL - 
    alter table tb_product_image 
       modify column image_type enum ('FIXED','PERCENT') not null
2025-05-28 15:08:05 [Test worker] DEBUG org.hibernate.SQL - 
    alter table tb_product_option 
       modify column option_style_type enum ('COLOR_PICKER','DEFAULT','DROPDOWN')
2025-05-28 15:08:05 [Test worker] DEBUG org.hibernate.SQL - 
    alter table tb_product_order 
       modify column order_status enum ('CANCELLED','COMPLETED','PAID','PENDING','SHIPPED')
2025-05-28 15:08:05 [Test worker] DEBUG org.hibernate.SQL - 
    alter table tb_product_review 
       modify column review_rating integer not null
2025-05-28 15:08:05 [Test worker] DEBUG org.hibernate.SQL - 
    alter table tb_user 
       modify column role varchar(255)
2025-05-28 15:08:05 [Test worker] DEBUG org.hibernate.SQL - 
    alter table tb_user 
       modify column status varchar(255)
2025-05-28 15:08:06 [Test worker] INFO  o.s.o.j.LocalContainerEntityManagerFactoryBean - Initialized JPA EntityManagerFactory for persistence unit 'default'
2025-05-28 15:08:06 [Test worker] WARN  o.s.b.a.o.j.JpaBaseConfiguration$JpaWebConfiguration - spring.jpa.open-in-view is enabled by default. Therefore, database queries may be performed during view rendering. Explicitly configure spring.jpa.open-in-view to disable this warning
2025-05-28 15:08:07 [Test worker] WARN  o.s.b.a.s.s.UserDetailsServiceAutoConfiguration - 

Using generated security password: 69fc906d-0cb2-47f5-ae92-5a3bcbf027ba

This generated password is for development use only. Your security configuration must be updated before running your application in production.

2025-05-28 15:08:07 [Test worker] INFO  o.s.s.c.a.a.c.InitializeUserDetailsBeanManagerConfigurer$InitializeUserDetailsManagerConfigurer - Global AuthenticationManager configured with UserDetailsService bean with name inMemoryUserDetailsManager
2025-05-28 15:08:07 [Test worker] INFO  c.b.l.LoiteMsBackApplicationTests - Started LoiteMsBackApplicationTests in 5.809 seconds (process running for 6.749)
2025-05-28 15:08:08 [SpringApplicationShutdownHook] INFO  o.s.o.j.LocalContainerEntityManagerFactoryBean - Closing JPA EntityManagerFactory for persistence unit 'default'
2025-05-28 15:08:08 [SpringApplicationShutdownHook] INFO  com.zaxxer.hikari.HikariDataSource - HikariPool-1 - Shutdown initiated...
2025-05-28 15:08:08 [SpringApplicationShutdownHook] INFO  com.zaxxer.hikari.HikariDataSource - HikariPool-1 - Shutdown completed.
