2025-05-27 10:30:51 [background-preinit] INFO  o.h.validator.internal.util.Version - HV000001: Hibernate Validator 8.0.2.Final
2025-05-27 10:30:51 [restartedMain] INFO  c.b.l.LoiteMsBackApplication - Starting LoiteMsBackApplication using Java 17.0.12 with PID 37452 (C:\loite_workspace\loite_ms_back\build\classes\java\main started by user in C:\loite_workspace\loite_ms_back)
2025-05-27 10:30:51 [restartedMain] INFO  c.b.l.LoiteMsBackApplication - No active profile set, falling back to 1 default profile: "default"
2025-05-27 10:30:51 [restartedMain] INFO  o.s.b.d.e.DevToolsPropertyDefaultsPostProcessor - Devtools property defaults active! Set 'spring.devtools.add-properties' to 'false' to disable
2025-05-27 10:30:51 [restartedMain] INFO  o.s.b.d.e.DevToolsPropertyDefaultsPostProcessor - For additional web related logging consider setting the 'logging.level.web' property to 'DEBUG'
2025-05-27 10:30:51 [restartedMain] INFO  o.s.d.r.c.RepositoryConfigurationDelegate - Bootstrapping Spring Data JPA repositories in DEFAULT mode.
2025-05-27 10:30:52 [restartedMain] INFO  o.s.d.r.c.RepositoryConfigurationDelegate - Finished Spring Data repository scanning in 45 ms. Found 1 JPA repository interface.
2025-05-27 10:30:52 [restartedMain] INFO  o.s.b.w.e.tomcat.TomcatWebServer - Tomcat initialized with port 8080 (http)
2025-05-27 10:30:52 [restartedMain] INFO  o.a.coyote.http11.Http11NioProtocol - Initializing ProtocolHandler ["http-nio-8080"]
2025-05-27 10:30:52 [restartedMain] INFO  o.a.catalina.core.StandardService - Starting service [Tomcat]
2025-05-27 10:30:52 [restartedMain] INFO  o.a.catalina.core.StandardEngine - Starting Servlet engine: [Apache Tomcat/10.1.41]
2025-05-27 10:30:52 [restartedMain] INFO  o.a.c.c.C.[Tomcat].[localhost].[/] - Initializing Spring embedded WebApplicationContext
2025-05-27 10:30:52 [restartedMain] INFO  o.s.b.w.s.c.ServletWebServerApplicationContext - Root WebApplicationContext: initialization completed in 1821 ms
2025-05-27 10:30:53 [restartedMain] INFO  o.h.jpa.internal.util.LogHelper - HHH000204: Processing PersistenceUnitInfo [name: default]
2025-05-27 10:30:53 [restartedMain] INFO  org.hibernate.Version - HHH000412: Hibernate ORM core version 6.6.15.Final
2025-05-27 10:30:53 [restartedMain] INFO  o.h.c.i.RegionFactoryInitiator - HHH000026: Second-level cache disabled
2025-05-27 10:30:53 [restartedMain] INFO  o.s.o.j.p.SpringPersistenceUnitInfo - No LoadTimeWeaver setup: ignoring JPA class transformer
2025-05-27 10:30:53 [restartedMain] WARN  org.hibernate.orm.deprecation - HHH90000021: Encountered deprecated setting [hibernate.temp.use_jdbc_metadata_defaults], use [hibernate.boot.allow_jdbc_metadata_access] instead
2025-05-27 10:30:53 [restartedMain] INFO  com.zaxxer.hikari.HikariDataSource - HikariPool-1 - Starting...
2025-05-27 10:30:53 [restartedMain] INFO  com.zaxxer.hikari.pool.HikariPool - HikariPool-1 - Added connection com.mysql.cj.jdbc.ConnectionImpl@4f066359
2025-05-27 10:30:53 [restartedMain] INFO  com.zaxxer.hikari.HikariDataSource - HikariPool-1 - Start completed.
2025-05-27 10:30:54 [restartedMain] WARN  org.hibernate.dialect.Dialect - HHH000511: The 5.5.5 version for [org.hibernate.dialect.MySQLDialect] is no longer supported, hence certain features may not work properly. The minimum supported version is 8.0.0. Check the community dialects project for available legacy versions.
2025-05-27 10:30:54 [restartedMain] WARN  org.hibernate.orm.deprecation - HHH90000025: MySQLDialect does not need to be specified explicitly using 'hibernate.dialect' (remove the property setting and it will be selected by default)
2025-05-27 10:30:54 [restartedMain] INFO  o.hibernate.orm.connections.pooling - HHH10001005: Database info:
	Database JDBC URL [Connecting through datasource 'HikariDataSource (HikariPool-1)']
	Database driver: undefined/unknown
	Database version: 5.5.5
	Autocommit mode: undefined/unknown
	Isolation level: undefined/unknown
	Minimum pool size: undefined/unknown
	Maximum pool size: undefined/unknown
2025-05-27 10:30:54 [restartedMain] INFO  o.h.e.t.j.p.i.JtaPlatformInitiator - HHH000489: No JTA platform available (set 'hibernate.transaction.jta.platform' to enable JTA platform integration)
2025-05-27 10:30:54 [restartedMain] INFO  o.s.o.j.LocalContainerEntityManagerFactoryBean - Initialized JPA EntityManagerFactory for persistence unit 'default'
2025-05-27 10:30:55 [restartedMain] WARN  o.s.b.a.o.j.JpaBaseConfiguration$JpaWebConfiguration - spring.jpa.open-in-view is enabled by default. Therefore, database queries may be performed during view rendering. Explicitly configure spring.jpa.open-in-view to disable this warning
2025-05-27 10:30:55 [restartedMain] WARN  o.s.b.a.s.s.UserDetailsServiceAutoConfiguration - 

Using generated security password: f92688ee-eb02-4502-85b1-72bbcebf7e0e

This generated password is for development use only. Your security configuration must be updated before running your application in production.

2025-05-27 10:30:55 [restartedMain] INFO  o.s.s.c.a.a.c.InitializeUserDetailsBeanManagerConfigurer$InitializeUserDetailsManagerConfigurer - Global AuthenticationManager configured with UserDetailsService bean with name inMemoryUserDetailsManager
2025-05-27 10:30:56 [restartedMain] INFO  o.s.b.d.a.OptionalLiveReloadServer - LiveReload server is running on port 35729
2025-05-27 10:30:56 [restartedMain] INFO  o.a.coyote.http11.Http11NioProtocol - Starting ProtocolHandler ["http-nio-8080"]
2025-05-27 10:30:56 [restartedMain] INFO  o.s.b.w.e.tomcat.TomcatWebServer - Tomcat started on port 8080 (http) with context path '/'
2025-05-27 10:30:56 [restartedMain] INFO  c.b.l.LoiteMsBackApplication - Started LoiteMsBackApplication in 5.733 seconds (process running for 6.077)
2025-05-27 10:31:10 [http-nio-8080-exec-1] INFO  o.a.c.c.C.[Tomcat].[localhost].[/] - Initializing Spring DispatcherServlet 'dispatcherServlet'
2025-05-27 10:31:10 [http-nio-8080-exec-1] INFO  o.s.web.servlet.DispatcherServlet - Initializing Servlet 'dispatcherServlet'
2025-05-27 10:31:10 [http-nio-8080-exec-1] INFO  o.s.web.servlet.DispatcherServlet - Completed initialization in 1 ms
2025-05-27 10:31:10 [http-nio-8080-exec-9] INFO  o.s.api.AbstractOpenApiResource - Init duration for springdoc-openapi is: 238 ms
2025-05-27 10:33:40 [http-nio-8080-exec-5] DEBUG org.hibernate.SQL - 
    select
        sfe1_0.faq_id,
        sfe1_0.created_at,
        sfe1_0.del_yn,
        fc1_0.faq_category_id,
        fc1_0.created_at,
        fc1_0.faq_category_name,
        fc1_0.faq_category_order,
        fc1_0.updated_at,
        sfe1_0.faq_content,
        sfe1_0.faq_title,
        sfe1_0.updated_at 
    from
        tb_support_faq sfe1_0 
    left join
        tb_support_faq_category fc1_0 
            on fc1_0.faq_category_id=sfe1_0.faq_category_id
2025-05-27 10:33:58 [http-nio-8080-exec-4] DEBUG org.hibernate.SQL - 
    select
        sfe1_0.faq_id,
        sfe1_0.created_at,
        sfe1_0.del_yn,
        sfe1_0.faq_category_id,
        sfe1_0.faq_content,
        sfe1_0.faq_title,
        sfe1_0.updated_at 
    from
        tb_support_faq sfe1_0 
    where
        sfe1_0.faq_id=?
2025-05-27 10:33:58 [http-nio-8080-exec-4] DEBUG org.hibernate.SQL - 
    select
        sfce1_0.faq_category_id,
        sfce1_0.created_at,
        sfce1_0.faq_category_name,
        sfce1_0.faq_category_order,
        sfce1_0.updated_at 
    from
        tb_support_faq_category sfce1_0 
    where
        sfce1_0.faq_category_id=?
2025-05-27 10:34:14 [http-nio-8080-exec-6] DEBUG org.hibernate.SQL - 
    select
        count(*) 
    from
        tb_support_faq sfe1_0 
    where
        sfe1_0.faq_id=?
2025-05-27 10:34:14 [http-nio-8080-exec-6] DEBUG org.hibernate.SQL - 
    select
        sfe1_0.faq_id,
        sfe1_0.created_at,
        sfe1_0.del_yn,
        sfe1_0.faq_category_id,
        sfe1_0.faq_content,
        sfe1_0.faq_title,
        sfe1_0.updated_at 
    from
        tb_support_faq sfe1_0 
    where
        sfe1_0.faq_id=?
2025-05-27 10:34:14 [http-nio-8080-exec-6] DEBUG org.hibernate.SQL - 
    delete 
    from
        tb_support_faq 
    where
        faq_id=?
2025-05-27 10:34:23 [http-nio-8080-exec-7] DEBUG org.hibernate.SQL - 
    select
        sfe1_0.faq_id,
        sfe1_0.created_at,
        sfe1_0.del_yn,
        fc1_0.faq_category_id,
        fc1_0.created_at,
        fc1_0.faq_category_name,
        fc1_0.faq_category_order,
        fc1_0.updated_at,
        sfe1_0.faq_content,
        sfe1_0.faq_title,
        sfe1_0.updated_at 
    from
        tb_support_faq sfe1_0 
    left join
        tb_support_faq_category fc1_0 
            on fc1_0.faq_category_id=sfe1_0.faq_category_id
2025-05-27 10:34:37 [http-nio-8080-exec-8] DEBUG org.hibernate.SQL - 
    select
        sfe1_0.faq_id,
        sfe1_0.created_at,
        sfe1_0.del_yn,
        fc1_0.faq_category_id,
        fc1_0.created_at,
        fc1_0.faq_category_name,
        fc1_0.faq_category_order,
        fc1_0.updated_at,
        sfe1_0.faq_content,
        sfe1_0.faq_title,
        sfe1_0.updated_at 
    from
        tb_support_faq sfe1_0 
    left join
        tb_support_faq_category fc1_0 
            on fc1_0.faq_category_id=sfe1_0.faq_category_id
2025-05-27 14:46:17 [HikariPool-1:housekeeper] WARN  com.zaxxer.hikari.pool.PoolBase - HikariPool-1 - Failed to validate connection com.mysql.cj.jdbc.ConnectionImpl@68074b7f (No operations allowed after connection closed.). Possibly consider using a shorter maxLifetime value.
2025-05-27 14:46:33 [HikariPool-1:housekeeper] WARN  com.zaxxer.hikari.pool.PoolBase - HikariPool-1 - Failed to validate connection com.mysql.cj.jdbc.ConnectionImpl@35a0bb6b (No operations allowed after connection closed.). Possibly consider using a shorter maxLifetime value.
2025-05-27 14:46:39 [HikariPool-1:housekeeper] WARN  com.zaxxer.hikari.pool.PoolBase - HikariPool-1 - Failed to validate connection com.mysql.cj.jdbc.ConnectionImpl@595e175c (No operations allowed after connection closed.). Possibly consider using a shorter maxLifetime value.
2025-05-27 14:46:58 [HikariPool-1:housekeeper] WARN  com.zaxxer.hikari.pool.PoolBase - HikariPool-1 - Failed to validate connection com.mysql.cj.jdbc.ConnectionImpl@3169677a (No operations allowed after connection closed.). Possibly consider using a shorter maxLifetime value.
2025-05-27 14:47:34 [HikariPool-1:housekeeper] WARN  com.zaxxer.hikari.pool.PoolBase - HikariPool-1 - Failed to validate connection com.mysql.cj.jdbc.ConnectionImpl@14b75310 (No operations allowed after connection closed.). Possibly consider using a shorter maxLifetime value.
